2025-07-31 15:15:55,512 [INFO] ===== Starting PhishDetector Application =====
2025-07-31 15:15:55,512 [INFO] Loading TensorFlow model and Decision Tree...
2025-07-31 15:15:55,516 [DEBUG] Creating converter from 3 to 5
2025-07-31 15:15:55,665 [WARNING] Compiled the loaded model, but the compiled metrics have yet to be built. `model.compile_metrics` will be empty until you train or evaluate the model.
2025-07-31 15:15:56,113 [INFO] Models loaded successfully with 47 features
2025-07-31 15:15:56,114 [INFO] Starting Flask application on http://127.0.0.1:5000
2025-07-31 15:15:56,139 [INFO] [31m[1mWARNING: This is a development server. Do not use it in a production deployment. Use a production WSGI server instead.[0m
 * Running on all addresses (0.0.0.0)
 * Running on http://127.0.0.1:5000
 * Running on http://192.168.1.57:5000
2025-07-31 15:15:56,140 [INFO] [33mPress CTRL+C to quit[0m
2025-07-31 15:15:56,140 [INFO]  * Restarting with stat
2025-07-31 15:15:59,099 [INFO] ===== Starting PhishDetector Application =====
2025-07-31 15:15:59,099 [INFO] Loading TensorFlow model and Decision Tree...
2025-07-31 15:15:59,100 [DEBUG] Creating converter from 3 to 5
2025-07-31 15:15:59,213 [WARNING] Compiled the loaded model, but the compiled metrics have yet to be built. `model.compile_metrics` will be empty until you train or evaluate the model.
2025-07-31 15:15:59,424 [INFO] Models loaded successfully with 47 features
2025-07-31 15:15:59,424 [INFO] Starting Flask application on http://127.0.0.1:5000
2025-07-31 15:15:59,444 [WARNING]  * Debugger is active!
2025-07-31 15:15:59,453 [INFO]  * Debugger PIN: 109-386-709
2025-07-31 15:15:59,468 [INFO] 127.0.0.1 - - [31/Jul/2025 15:15:59] "[36mGET / HTTP/1.1[0m" 304 -
2025-07-31 15:15:59,550 [INFO] 127.0.0.1 - - [31/Jul/2025 15:15:59] "[33mGET /favicon.ico HTTP/1.1[0m" 404 -
2025-07-31 15:16:02,973 [INFO] 127.0.0.1 - - [31/Jul/2025 15:16:02] "OPTIONS /api/predict HTTP/1.1" 200 -
2025-07-31 15:16:02,978 [INFO] ===== New Prediction Request =====
2025-07-31 15:16:02,978 [INFO] Analyzing URL: https://google.com
2025-07-31 15:16:02,979 [DEBUG] Normalized URL: https://google.com
2025-07-31 15:16:02,979 [DEBUG] Attempting to acquire lock 6118321792 on /Users/brendanlambrecht/.cache/python-tldextract/3.9.18.final__micromamba__383ab1__tldextract-5.3.0/publicsuffix.org-tlds/de84b5ca2167d4c83e38fb162f2e8738.tldextract.json.lock
2025-07-31 15:16:02,980 [DEBUG] Lock 6118321792 acquired on /Users/brendanlambrecht/.cache/python-tldextract/3.9.18.final__micromamba__383ab1__tldextract-5.3.0/publicsuffix.org-tlds/de84b5ca2167d4c83e38fb162f2e8738.tldextract.json.lock
2025-07-31 15:16:02,983 [DEBUG] Attempting to release lock 6118321792 on /Users/brendanlambrecht/.cache/python-tldextract/3.9.18.final__micromamba__383ab1__tldextract-5.3.0/publicsuffix.org-tlds/de84b5ca2167d4c83e38fb162f2e8738.tldextract.json.lock
2025-07-31 15:16:02,983 [DEBUG] Lock 6118321792 released on /Users/brendanlambrecht/.cache/python-tldextract/3.9.18.final__micromamba__383ab1__tldextract-5.3.0/publicsuffix.org-tlds/de84b5ca2167d4c83e38fb162f2e8738.tldextract.json.lock
2025-07-31 15:16:03,064 [DEBUG] Starting new HTTPS connection (1): google.com:443
2025-07-31 15:16:03,180 [DEBUG] https://google.com:443 "GET / HTTP/1.1" 301 220
2025-07-31 15:16:03,218 [DEBUG] Starting new HTTPS connection (1): www.google.com:443
2025-07-31 15:16:03,383 [DEBUG] https://www.google.com:443 "GET / HTTP/1.1" 200 None
2025-07-31 15:16:03,436 [DEBUG] HTML fetched and parsed in 0.43 seconds
2025-07-31 15:16:03,446 [DEBUG] Starting new HTTPS connection (1): google.com:443
2025-07-31 15:16:03,545 [DEBUG] https://google.com:443 "GET /robots.txt HTTP/1.1" 301 230
2025-07-31 15:16:03,550 [DEBUG] Starting new HTTPS connection (1): www.google.com:443
2025-07-31 15:16:03,653 [DEBUG] https://www.google.com:443 "GET /robots.txt HTTP/1.1" 200 1631
2025-07-31 15:16:03,656 [INFO] HTML analysis completed successfully
2025-07-31 15:16:03,657 [INFO] Feature extraction completed in 0.679s
2025-07-31 15:16:03,783 [INFO] TF Probability: 1.0000, DT Probability: 0.0000
2025-07-31 15:16:03,783 [INFO] Ensemble Probability: 0.7000, Prediction: True
2025-07-31 15:16:03,783 [INFO] Prediction completed in 0.806s
2025-07-31 15:16:03,784 [INFO] 127.0.0.1 - - [31/Jul/2025 15:16:03] "POST /api/predict HTTP/1.1" 200 -
2025-07-31 15:18:05,083 [INFO]  * Detected change in '/Users/brendanlambrecht/CodingProjects/My_Personal_Projects/phishGuard/serverHTML.py', reloading
2025-07-31 15:18:05,569 [INFO]  * Restarting with stat
2025-07-31 15:18:08,917 [INFO] ===== Starting PhishDetector Application =====
2025-07-31 15:18:08,917 [INFO] Loading TensorFlow model and Decision Tree...
2025-07-31 15:18:08,918 [DEBUG] Creating converter from 3 to 5
2025-07-31 15:18:09,034 [WARNING] Compiled the loaded model, but the compiled metrics have yet to be built. `model.compile_metrics` will be empty until you train or evaluate the model.
2025-07-31 15:18:09,270 [INFO] Models loaded successfully with 47 features
2025-07-31 15:18:09,271 [INFO] Starting Flask application on http://127.0.0.1:5000
2025-07-31 15:18:09,296 [WARNING]  * Debugger is active!
2025-07-31 15:18:09,304 [INFO]  * Debugger PIN: 109-386-709
2025-07-31 15:18:14,797 [INFO] 127.0.0.1 - - [31/Jul/2025 15:18:14] "GET / HTTP/1.1" 200 -
2025-07-31 15:18:16,833 [INFO] 127.0.0.1 - - [31/Jul/2025 15:18:16] "OPTIONS /api/predict HTTP/1.1" 200 -
2025-07-31 15:18:16,838 [INFO] ===== New Prediction Request =====
2025-07-31 15:18:16,838 [DEBUG] URL missing scheme, prepending https:// to google.com
2025-07-31 15:18:16,838 [INFO] Analyzing URL: https://google.com
2025-07-31 15:18:16,839 [DEBUG] Normalized URL: https://google.com
2025-07-31 15:18:16,840 [DEBUG] Attempting to acquire lock 12898425824 on /Users/brendanlambrecht/.cache/python-tldextract/3.9.18.final__micromamba__383ab1__tldextract-5.3.0/publicsuffix.org-tlds/de84b5ca2167d4c83e38fb162f2e8738.tldextract.json.lock
2025-07-31 15:18:16,841 [DEBUG] Lock 12898425824 acquired on /Users/brendanlambrecht/.cache/python-tldextract/3.9.18.final__micromamba__383ab1__tldextract-5.3.0/publicsuffix.org-tlds/de84b5ca2167d4c83e38fb162f2e8738.tldextract.json.lock
2025-07-31 15:18:16,844 [DEBUG] Attempting to release lock 12898425824 on /Users/brendanlambrecht/.cache/python-tldextract/3.9.18.final__micromamba__383ab1__tldextract-5.3.0/publicsuffix.org-tlds/de84b5ca2167d4c83e38fb162f2e8738.tldextract.json.lock
2025-07-31 15:18:16,844 [DEBUG] Lock 12898425824 released on /Users/brendanlambrecht/.cache/python-tldextract/3.9.18.final__micromamba__383ab1__tldextract-5.3.0/publicsuffix.org-tlds/de84b5ca2167d4c83e38fb162f2e8738.tldextract.json.lock
2025-07-31 15:18:16,894 [DEBUG] Starting new HTTPS connection (1): google.com:443
2025-07-31 15:18:16,999 [DEBUG] https://google.com:443 "GET / HTTP/1.1" 301 220
2025-07-31 15:18:17,004 [DEBUG] Starting new HTTPS connection (1): www.google.com:443
2025-07-31 15:18:17,174 [DEBUG] https://www.google.com:443 "GET / HTTP/1.1" 200 None
2025-07-31 15:18:17,238 [DEBUG] HTML fetched and parsed in 0.36 seconds
2025-07-31 15:18:17,248 [DEBUG] Starting new HTTPS connection (1): google.com:443
2025-07-31 15:18:17,337 [DEBUG] https://google.com:443 "GET /robots.txt HTTP/1.1" 301 230
2025-07-31 15:18:17,342 [DEBUG] Starting new HTTPS connection (1): www.google.com:443
2025-07-31 15:18:17,452 [DEBUG] https://www.google.com:443 "GET /robots.txt HTTP/1.1" 200 1631
2025-07-31 15:18:17,455 [INFO] HTML analysis completed successfully
2025-07-31 15:18:17,456 [INFO] Feature extraction completed in 0.617s
2025-07-31 15:18:17,548 [INFO] Prediction completed in 0.711s
2025-07-31 15:18:17,549 [INFO] 127.0.0.1 - - [31/Jul/2025 15:18:17] "POST /api/predict HTTP/1.1" 200 -
2025-07-31 15:20:32,293 [INFO]  * Detected change in '/Users/brendanlambrecht/CodingProjects/My_Personal_Projects/phishGuard/serverHTML.py', reloading
2025-07-31 15:20:32,781 [INFO]  * Restarting with stat
2025-07-31 15:20:36,186 [INFO] ===== Starting PhishDetector Application =====
2025-07-31 15:20:36,187 [INFO] Loading TensorFlow model and Decision Tree...
2025-07-31 15:20:36,188 [DEBUG] Creating converter from 3 to 5
2025-07-31 15:20:36,308 [WARNING] Compiled the loaded model, but the compiled metrics have yet to be built. `model.compile_metrics` will be empty until you train or evaluate the model.
2025-07-31 15:20:36,553 [INFO] Models loaded successfully with 47 features
2025-07-31 15:20:36,553 [INFO] Starting Flask application on http://127.0.0.1:5000
2025-07-31 15:20:36,571 [WARNING]  * Debugger is active!
2025-07-31 15:20:36,581 [INFO]  * Debugger PIN: 109-386-709
2025-07-31 15:20:38,611 [INFO]  * Detected change in '/Users/brendanlambrecht/CodingProjects/My_Personal_Projects/phishGuard/serverHTML.py', reloading
2025-07-31 15:20:39,017 [INFO]  * Restarting with stat
2025-07-31 15:20:41,946 [INFO] ===== Starting PhishDetector Application =====
2025-07-31 15:20:41,946 [INFO] Loading TensorFlow model and Decision Tree...
2025-07-31 15:20:41,947 [DEBUG] Creating converter from 3 to 5
2025-07-31 15:20:42,065 [WARNING] Compiled the loaded model, but the compiled metrics have yet to be built. `model.compile_metrics` will be empty until you train or evaluate the model.
2025-07-31 15:20:42,271 [INFO] Models loaded successfully with 47 features
2025-07-31 15:20:42,271 [INFO] Starting Flask application on http://127.0.0.1:5000
2025-07-31 15:20:42,289 [WARNING]  * Debugger is active!
2025-07-31 15:20:42,297 [INFO]  * Debugger PIN: 109-386-709
2025-07-31 15:20:45,241 [INFO] 127.0.0.1 - - [31/Jul/2025 15:20:45] "GET / HTTP/1.1" 200 -
2025-07-31 15:20:53,607 [INFO] 127.0.0.1 - - [31/Jul/2025 15:20:53] "OPTIONS /api/predict HTTP/1.1" 200 -
2025-07-31 15:20:53,639 [INFO] ===== New Prediction Request =====
2025-07-31 15:20:53,639 [DEBUG] URL missing scheme, prepending https:// to google.com
2025-07-31 15:20:53,639 [INFO] Analyzing URL: https://google.com
2025-07-31 15:20:53,640 [DEBUG] Normalized URL: https://google.com
2025-07-31 15:20:53,640 [DEBUG] Attempting to acquire lock 6334295344 on /Users/brendanlambrecht/.cache/python-tldextract/3.9.18.final__micromamba__383ab1__tldextract-5.3.0/publicsuffix.org-tlds/de84b5ca2167d4c83e38fb162f2e8738.tldextract.json.lock
2025-07-31 15:20:53,640 [DEBUG] Lock 6334295344 acquired on /Users/brendanlambrecht/.cache/python-tldextract/3.9.18.final__micromamba__383ab1__tldextract-5.3.0/publicsuffix.org-tlds/de84b5ca2167d4c83e38fb162f2e8738.tldextract.json.lock
2025-07-31 15:20:53,642 [DEBUG] Attempting to release lock 6334295344 on /Users/brendanlambrecht/.cache/python-tldextract/3.9.18.final__micromamba__383ab1__tldextract-5.3.0/publicsuffix.org-tlds/de84b5ca2167d4c83e38fb162f2e8738.tldextract.json.lock
2025-07-31 15:20:53,642 [DEBUG] Lock 6334295344 released on /Users/brendanlambrecht/.cache/python-tldextract/3.9.18.final__micromamba__383ab1__tldextract-5.3.0/publicsuffix.org-tlds/de84b5ca2167d4c83e38fb162f2e8738.tldextract.json.lock
2025-07-31 15:20:53,718 [DEBUG] Starting new HTTPS connection (1): google.com:443
2025-07-31 15:20:53,832 [DEBUG] https://google.com:443 "GET / HTTP/1.1" 301 220
2025-07-31 15:20:53,837 [DEBUG] Starting new HTTPS connection (1): www.google.com:443
2025-07-31 15:20:54,011 [DEBUG] https://www.google.com:443 "GET / HTTP/1.1" 200 None
2025-07-31 15:20:54,070 [DEBUG] HTML fetched and parsed in 0.40 seconds
2025-07-31 15:20:54,080 [DEBUG] Starting new HTTPS connection (1): google.com:443
2025-07-31 15:20:54,244 [DEBUG] https://google.com:443 "GET /robots.txt HTTP/1.1" 301 230
2025-07-31 15:20:54,250 [DEBUG] Starting new HTTPS connection (1): www.google.com:443
2025-07-31 15:20:54,363 [DEBUG] https://www.google.com:443 "GET /robots.txt HTTP/1.1" 200 1631
2025-07-31 15:20:54,367 [INFO] HTML analysis completed successfully
2025-07-31 15:20:54,368 [INFO] Feature extraction completed in 0.728s
2025-07-31 15:20:54,453 [INFO] Prediction completed in 0.814s
2025-07-31 15:20:54,453 [INFO] 127.0.0.1 - - [31/Jul/2025 15:20:54] "POST /api/predict HTTP/1.1" 200 -
2025-07-31 15:21:00,347 [INFO] 127.0.0.1 - - [31/Jul/2025 15:21:00] "OPTIONS /api/predict HTTP/1.1" 200 -
2025-07-31 15:21:00,352 [INFO] ===== New Prediction Request =====
2025-07-31 15:21:00,352 [INFO] Analyzing URL: https://google.com
2025-07-31 15:21:00,353 [DEBUG] Normalized URL: https://google.com
2025-07-31 15:21:00,359 [DEBUG] Starting new HTTPS connection (1): google.com:443
2025-07-31 15:21:00,530 [DEBUG] https://google.com:443 "GET / HTTP/1.1" 301 220
2025-07-31 15:21:00,537 [DEBUG] Starting new HTTPS connection (1): www.google.com:443
2025-07-31 15:21:00,703 [DEBUG] https://www.google.com:443 "GET / HTTP/1.1" 200 None
2025-07-31 15:21:00,763 [DEBUG] HTML fetched and parsed in 0.41 seconds
2025-07-31 15:21:00,772 [DEBUG] Starting new HTTPS connection (1): google.com:443
2025-07-31 15:21:00,867 [DEBUG] https://google.com:443 "GET /robots.txt HTTP/1.1" 301 230
2025-07-31 15:21:00,873 [DEBUG] Starting new HTTPS connection (1): www.google.com:443
2025-07-31 15:21:01,056 [DEBUG] https://www.google.com:443 "GET /robots.txt HTTP/1.1" 200 1631
2025-07-31 15:21:01,059 [INFO] HTML analysis completed successfully
2025-07-31 15:21:01,060 [INFO] Feature extraction completed in 0.707s
2025-07-31 15:21:01,118 [INFO] Prediction completed in 0.767s
2025-07-31 15:21:01,119 [INFO] 127.0.0.1 - - [31/Jul/2025 15:21:01] "POST /api/predict HTTP/1.1" 200 -
2025-07-31 15:21:03,322 [INFO] ===== New Prediction Request =====
2025-07-31 15:21:03,323 [INFO] Analyzing URL: http://google.com
2025-07-31 15:21:03,323 [DEBUG] Normalized URL: http://google.com
2025-07-31 15:21:03,328 [DEBUG] Starting new HTTP connection (1): google.com:80
2025-07-31 15:21:03,390 [DEBUG] http://google.com:80 "GET / HTTP/1.1" 301 219
2025-07-31 15:21:03,397 [DEBUG] Starting new HTTP connection (1): www.google.com:80
2025-07-31 15:21:03,463 [DEBUG] http://www.google.com:80 "GET / HTTP/1.1" 302 231
2025-07-31 15:21:03,472 [DEBUG] Starting new HTTPS connection (1): www.google.com:443
2025-07-31 15:21:03,696 [DEBUG] https://www.google.com:443 "GET /?gws_rd=ssl HTTP/1.1" 200 None
2025-07-31 15:21:03,755 [DEBUG] HTML fetched and parsed in 0.43 seconds
2025-07-31 15:21:03,764 [DEBUG] Starting new HTTP connection (1): google.com:80
2025-07-31 15:21:03,817 [DEBUG] http://google.com:80 "GET /robots.txt HTTP/1.1" 301 230
2025-07-31 15:21:03,822 [DEBUG] Starting new HTTPS connection (1): www.google.com:443
2025-07-31 15:21:03,942 [DEBUG] https://www.google.com:443 "GET /robots.txt HTTP/1.1" 200 1631
2025-07-31 15:21:03,946 [INFO] HTML analysis completed successfully
2025-07-31 15:21:03,947 [INFO] Feature extraction completed in 0.624s
2025-07-31 15:21:04,002 [INFO] Prediction completed in 0.681s
2025-07-31 15:21:04,003 [INFO] 127.0.0.1 - - [31/Jul/2025 15:21:04] "POST /api/predict HTTP/1.1" 200 -
2025-07-31 15:21:31,557 [INFO] 127.0.0.1 - - [31/Jul/2025 15:21:31] "OPTIONS /api/predict HTTP/1.1" 200 -
2025-07-31 15:21:31,563 [INFO] ===== New Prediction Request =====
2025-07-31 15:21:31,563 [INFO] Analyzing URL: https://www.google.com/?client=safari
2025-07-31 15:21:31,563 [DEBUG] Normalized URL: https://www.google.com/?client=safari
2025-07-31 15:21:31,568 [DEBUG] Starting new HTTPS connection (1): www.google.com:443
2025-07-31 15:21:31,728 [DEBUG] https://www.google.com:443 "GET /?client=safari HTTP/1.1" 200 None
2025-07-31 15:21:31,782 [DEBUG] HTML fetched and parsed in 0.22 seconds
2025-07-31 15:21:31,793 [DEBUG] Starting new HTTPS connection (1): www.google.com:443
2025-07-31 15:21:31,952 [DEBUG] https://www.google.com:443 "GET /robots.txt HTTP/1.1" 200 1631
2025-07-31 15:21:31,955 [INFO] HTML analysis completed successfully
2025-07-31 15:21:31,955 [INFO] Feature extraction completed in 0.391s
2025-07-31 15:21:32,017 [INFO] Prediction completed in 0.455s
2025-07-31 15:21:32,018 [INFO] 127.0.0.1 - - [31/Jul/2025 15:21:32] "POST /api/predict HTTP/1.1" 200 -
2025-07-31 15:24:08,713 [INFO] 127.0.0.1 - - [31/Jul/2025 15:24:08] "OPTIONS /api/predict HTTP/1.1" 200 -
2025-07-31 15:24:08,718 [INFO] ===== New Prediction Request =====
2025-07-31 15:24:08,718 [DEBUG] URL missing scheme, prepending https:// to bing.com
2025-07-31 15:24:08,718 [INFO] Analyzing URL: https://bing.com
2025-07-31 15:24:08,719 [DEBUG] Normalized URL: https://bing.com
2025-07-31 15:24:08,756 [DEBUG] Starting new HTTPS connection (1): bing.com:443
2025-07-31 15:24:08,892 [DEBUG] https://bing.com:443 "GET / HTTP/1.1" 301 144
2025-07-31 15:24:08,960 [DEBUG] Starting new HTTPS connection (1): www.bing.com:443
2025-07-31 15:24:09,196 [DEBUG] https://www.bing.com:443 "GET /?toWww=1&redig=8359BB0692DD455E802A9C0D38592672 HTTP/1.1" 200 None
2025-07-31 15:24:09,250 [DEBUG] HTML fetched and parsed in 0.53 seconds
2025-07-31 15:24:09,257 [DEBUG] Starting new HTTPS connection (1): bing.com:443
2025-07-31 15:24:09,387 [DEBUG] https://bing.com:443 "GET /robots.txt HTTP/1.1" 301 151
2025-07-31 15:24:09,397 [DEBUG] Starting new HTTPS connection (1): www.bing.com:443
2025-07-31 15:24:09,567 [DEBUG] https://www.bing.com:443 "GET /robots.txt?toWww=1&redig=CEDAE77A6CAE4D18B977C1F6D13BB7DC HTTP/1.1" 200 782
2025-07-31 15:24:09,572 [INFO] HTML analysis completed successfully
2025-07-31 15:24:09,572 [INFO] Feature extraction completed in 0.853s
2025-07-31 15:24:09,628 [INFO] Prediction completed in 0.911s
2025-07-31 15:24:09,629 [INFO] 127.0.0.1 - - [31/Jul/2025 15:24:09] "POST /api/predict HTTP/1.1" 200 -
2025-07-31 15:24:24,434 [INFO] 127.0.0.1 - - [31/Jul/2025 15:24:24] "OPTIONS /api/predict HTTP/1.1" 200 -
2025-07-31 15:24:24,437 [INFO] ===== New Prediction Request =====
2025-07-31 15:24:24,437 [DEBUG] URL missing scheme, prepending https:// to microsoft.com
2025-07-31 15:24:24,437 [INFO] Analyzing URL: https://microsoft.com
2025-07-31 15:24:24,437 [DEBUG] Normalized URL: https://microsoft.com
2025-07-31 15:24:24,473 [DEBUG] Starting new HTTPS connection (1): microsoft.com:443
2025-07-31 15:24:24,585 [DEBUG] https://microsoft.com:443 "GET / HTTP/1.1" 301 0
2025-07-31 15:24:24,643 [DEBUG] Starting new HTTPS connection (1): www.microsoft.com:443
2025-07-31 15:24:24,807 [DEBUG] https://www.microsoft.com:443 "GET / HTTP/1.1" 200 12623
2025-07-31 15:24:24,838 [DEBUG] HTML fetched and parsed in 0.40 seconds
2025-07-31 15:24:24,848 [DEBUG] Starting new HTTPS connection (1): microsoft.com:443
2025-07-31 15:24:25,047 [DEBUG] https://microsoft.com:443 "GET /robots.txt HTTP/1.1" 301 0
2025-07-31 15:24:25,054 [DEBUG] Starting new HTTPS connection (1): www.microsoft.com:443
2025-07-31 15:24:25,227 [DEBUG] https://www.microsoft.com:443 "GET /robots.txt HTTP/1.1" 200 12623
2025-07-31 15:24:25,231 [INFO] HTML analysis completed successfully
2025-07-31 15:24:25,232 [INFO] Feature extraction completed in 0.794s
2025-07-31 15:24:25,289 [INFO] Prediction completed in 0.852s
2025-07-31 15:24:25,290 [INFO] 127.0.0.1 - - [31/Jul/2025 15:24:25] "POST /api/predict HTTP/1.1" 200 -
2025-07-31 15:24:34,229 [INFO] 127.0.0.1 - - [31/Jul/2025 15:24:34] "OPTIONS /api/predict HTTP/1.1" 200 -
2025-07-31 15:24:34,234 [INFO] ===== New Prediction Request =====
2025-07-31 15:24:34,234 [INFO] Analyzing URL: https://microsoft.com
2025-07-31 15:24:34,234 [DEBUG] Normalized URL: https://microsoft.com
2025-07-31 15:24:34,240 [DEBUG] Starting new HTTPS connection (1): microsoft.com:443
2025-07-31 15:24:34,421 [DEBUG] https://microsoft.com:443 "GET / HTTP/1.1" 301 0
2025-07-31 15:24:34,429 [DEBUG] Starting new HTTPS connection (1): www.microsoft.com:443
2025-07-31 15:24:34,638 [DEBUG] https://www.microsoft.com:443 "GET / HTTP/1.1" 200 12623
2025-07-31 15:24:34,669 [DEBUG] HTML fetched and parsed in 0.43 seconds
2025-07-31 15:24:34,679 [DEBUG] Starting new HTTPS connection (1): microsoft.com:443
2025-07-31 15:24:34,802 [DEBUG] https://microsoft.com:443 "GET /robots.txt HTTP/1.1" 301 0
2025-07-31 15:24:34,808 [DEBUG] Starting new HTTPS connection (1): www.microsoft.com:443
2025-07-31 15:24:35,033 [DEBUG] https://www.microsoft.com:443 "GET /robots.txt HTTP/1.1" 200 12623
2025-07-31 15:24:35,037 [INFO] HTML analysis completed successfully
2025-07-31 15:24:35,038 [INFO] Feature extraction completed in 0.803s
2025-07-31 15:24:35,096 [INFO] Prediction completed in 0.862s
2025-07-31 15:24:35,096 [INFO] 127.0.0.1 - - [31/Jul/2025 15:24:35] "POST /api/predict HTTP/1.1" 200 -
2025-07-31 15:24:40,294 [INFO] 127.0.0.1 - - [31/Jul/2025 15:24:40] "OPTIONS /api/predict HTTP/1.1" 200 -
2025-07-31 15:24:40,298 [INFO] ===== New Prediction Request =====
2025-07-31 15:24:40,298 [INFO] Analyzing URL: https://www.Microsoft.com
2025-07-31 15:24:40,298 [DEBUG] Normalized URL: https://www.Microsoft.com
2025-07-31 15:24:40,307 [DEBUG] Starting new HTTPS connection (1): www.microsoft.com:443
2025-07-31 15:24:40,653 [DEBUG] https://www.microsoft.com:443 "GET / HTTP/1.1" 200 12623
2025-07-31 15:24:40,677 [DEBUG] HTML fetched and parsed in 0.38 seconds
2025-07-31 15:24:40,687 [DEBUG] Starting new HTTPS connection (1): www.microsoft.com:443
2025-07-31 15:24:40,845 [DEBUG] https://www.microsoft.com:443 "GET /robots.txt HTTP/1.1" 200 12623
2025-07-31 15:24:40,849 [INFO] HTML analysis completed successfully
2025-07-31 15:24:40,849 [INFO] Feature extraction completed in 0.551s
2025-07-31 15:24:40,905 [INFO] Prediction completed in 0.607s
2025-07-31 15:24:40,906 [INFO] 127.0.0.1 - - [31/Jul/2025 15:24:40] "POST /api/predict HTTP/1.1" 200 -
2025-07-31 15:55:58,691 [INFO] ===== Starting PhishDetector Application =====
2025-07-31 15:55:58,691 [INFO] Loading TensorFlow model and Decision Tree...
2025-07-31 15:55:58,692 [DEBUG] Creating converter from 3 to 5
2025-07-31 15:55:58,813 [WARNING] Compiled the loaded model, but the compiled metrics have yet to be built. `model.compile_metrics` will be empty until you train or evaluate the model.
2025-07-31 15:55:59,048 [INFO] Models loaded successfully with 47 features
2025-07-31 15:55:59,049 [INFO] Starting Flask application on http://127.0.0.1:5000
2025-07-31 15:55:59,069 [WARNING]  * Debugger is active!
2025-07-31 15:55:59,076 [INFO]  * Debugger PIN: 109-386-709
2025-07-31 15:55:59,090 [INFO] 127.0.0.1 - - [31/Jul/2025 15:55:59] "GET / HTTP/1.1" 200 -
2025-07-31 15:56:01,789 [INFO] 127.0.0.1 - - [31/Jul/2025 15:56:01] "OPTIONS /api/predict HTTP/1.1" 200 -
2025-07-31 15:56:01,793 [INFO] ===== New Prediction Request =====
2025-07-31 15:56:01,793 [DEBUG] URL missing scheme, prepending https:// to google.com
2025-07-31 15:56:01,793 [INFO] Analyzing URL: https://google.com
2025-07-31 15:56:01,793 [DEBUG] Normalized URL: https://google.com
2025-07-31 15:56:01,794 [DEBUG] Attempting to acquire lock 6136250576 on /Users/brendanlambrecht/.cache/python-tldextract/3.9.18.final__micromamba__383ab1__tldextract-5.3.0/publicsuffix.org-tlds/de84b5ca2167d4c83e38fb162f2e8738.tldextract.json.lock
2025-07-31 15:56:01,794 [DEBUG] Lock 6136250576 acquired on /Users/brendanlambrecht/.cache/python-tldextract/3.9.18.final__micromamba__383ab1__tldextract-5.3.0/publicsuffix.org-tlds/de84b5ca2167d4c83e38fb162f2e8738.tldextract.json.lock
2025-07-31 15:56:01,797 [DEBUG] Attempting to release lock 6136250576 on /Users/brendanlambrecht/.cache/python-tldextract/3.9.18.final__micromamba__383ab1__tldextract-5.3.0/publicsuffix.org-tlds/de84b5ca2167d4c83e38fb162f2e8738.tldextract.json.lock
2025-07-31 15:56:01,798 [DEBUG] Lock 6136250576 released on /Users/brendanlambrecht/.cache/python-tldextract/3.9.18.final__micromamba__383ab1__tldextract-5.3.0/publicsuffix.org-tlds/de84b5ca2167d4c83e38fb162f2e8738.tldextract.json.lock
2025-07-31 15:56:01,844 [DEBUG] Starting new HTTPS connection (1): google.com:443
2025-07-31 15:56:01,950 [DEBUG] https://google.com:443 "GET / HTTP/1.1" 301 220
2025-07-31 15:56:01,954 [DEBUG] Starting new HTTPS connection (1): www.google.com:443
2025-07-31 15:56:02,111 [DEBUG] https://www.google.com:443 "GET / HTTP/1.1" 200 None
2025-07-31 15:56:02,163 [DEBUG] HTML fetched and parsed in 0.34 seconds
2025-07-31 15:56:02,172 [DEBUG] Starting new HTTPS connection (1): google.com:443
2025-07-31 15:56:02,340 [DEBUG] https://google.com:443 "GET /robots.txt HTTP/1.1" 301 230
2025-07-31 15:56:02,346 [DEBUG] Starting new HTTPS connection (1): www.google.com:443
2025-07-31 15:56:02,446 [DEBUG] https://www.google.com:443 "GET /robots.txt HTTP/1.1" 200 1631
2025-07-31 15:56:02,449 [INFO] HTML analysis completed successfully
2025-07-31 15:56:02,450 [INFO] Feature extraction completed in 0.657s
2025-07-31 15:56:02,538 [INFO] Prediction completed in 0.745s
2025-07-31 15:56:02,538 [INFO] 127.0.0.1 - - [31/Jul/2025 15:56:02] "POST /api/predict HTTP/1.1" 200 -
2025-07-31 15:57:38,867 [INFO] ===== Starting PhishDetector Application =====
2025-07-31 15:57:38,867 [INFO] Loading TensorFlow model and Decision Tree...
2025-07-31 15:57:39,197 [INFO] Starting Flask application on http://127.0.0.1:5000
2025-07-31 15:57:39,224 [INFO] [31m[1mWARNING: This is a development server. Do not use it in a production deployment. Use a production WSGI server instead.[0m
 * Running on all addresses (0.0.0.0)
 * Running on http://127.0.0.1:5000
 * Running on http://192.168.1.57:5000
2025-07-31 15:57:39,224 [INFO] [33mPress CTRL+C to quit[0m
2025-07-31 15:57:39,225 [INFO]  * Restarting with stat
2025-07-31 15:57:42,142 [INFO] ===== Starting PhishDetector Application =====
2025-07-31 15:57:42,142 [INFO] Loading TensorFlow model and Decision Tree...
2025-07-31 15:57:42,431 [INFO] Starting Flask application on http://127.0.0.1:5000
2025-07-31 15:57:42,447 [WARNING]  * Debugger is active!
2025-07-31 15:57:42,456 [INFO]  * Debugger PIN: 109-386-709
2025-07-31 15:57:42,753 [INFO] 127.0.0.1 - - [31/Jul/2025 15:57:42] "GET / HTTP/1.1" 200 -
2025-07-31 15:57:45,728 [INFO] 127.0.0.1 - - [31/Jul/2025 15:57:45] "OPTIONS /api/predict HTTP/1.1" 200 -
2025-07-31 15:57:45,733 [INFO] ===== New Prediction Request =====
2025-07-31 15:57:45,734 [DEBUG] URL missing scheme, prepending https:// to google.com
2025-07-31 15:57:45,734 [INFO] Analyzing URL: https://google.com
2025-07-31 15:57:45,734 [ERROR] Prediction failed: name 'tf_model' is not defined
2025-07-31 15:57:45,739 [ERROR] Traceback (most recent call last):
  File "/Users/brendanlambrecht/CodingProjects/My_Personal_Projects/phishGuard/serverHTML.py", line 326, in predict
    if not (model_loaded and tf_model and dt_model and scaler):
NameError: name 'tf_model' is not defined

2025-07-31 15:57:45,740 [INFO] 127.0.0.1 - - [31/Jul/2025 15:57:45] "[35m[1mPOST /api/predict HTTP/1.1[0m" 500 -
2025-07-31 15:58:20,884 [INFO]  * Detected change in '/Users/brendanlambrecht/CodingProjects/My_Personal_Projects/phishGuard/serverHTML.py', reloading
2025-07-31 15:58:21,314 [INFO]  * Restarting with stat
2025-07-31 15:58:24,979 [INFO] ===== Starting PhishDetector Application =====
2025-07-31 15:58:24,979 [INFO] Loading TensorFlow model and Decision Tree...
2025-07-31 15:58:24,980 [DEBUG] Creating converter from 3 to 5
2025-07-31 15:58:25,105 [WARNING] Compiled the loaded model, but the compiled metrics have yet to be built. `model.compile_metrics` will be empty until you train or evaluate the model.
2025-07-31 15:58:25,345 [INFO] Models loaded successfully with 47 features
2025-07-31 15:58:25,345 [INFO] Starting Flask application on http://127.0.0.1:5000
2025-07-31 15:58:25,366 [WARNING]  * Debugger is active!
2025-07-31 15:58:25,376 [INFO]  * Debugger PIN: 109-386-709
2025-07-31 16:02:42,590 [INFO]  * Detected change in '/Users/brendanlambrecht/CodingProjects/My_Personal_Projects/phishGuard/serverHTML.py', reloading
2025-07-31 16:02:43,020 [INFO]  * Restarting with stat
